platforms/android/build/outputs/apk/manifest-merger-debug-report.txt
-- Merging decision tree log ---
manifest
ADDED from AndroidManifest.xml:2:1
	package
		ADDED from AndroidManifest.xml:3:5
	android:versionName
		ADDED from AndroidManifest.xml:6:5
	android:hardwareAccelerated
		ADDED from AndroidManifest.xml:4:5
	android:versionCode
		ADDED from AndroidManifest.xml:5:5
		INJECTED from AndroidManifest.xml:0:0
		INJECTED from AndroidManifest.xml:0:0
	xmlns:android
		ADDED from AndroidManifest.xml:2:11
uses-sdk
ADDED from AndroidManifest.xml:8:5
MERGED from android:CordovaLib:unspecified:debug:25:5
	android:targetSdkVersion
		ADDED from AndroidManifest.xml:10:9
	android:minSdkVersion
		ADDED from AndroidManifest.xml:9:9
supports-screens
ADDED from AndroidManifest.xml:12:5
	android:largeScreens
		ADDED from AndroidManifest.xml:14:9
	android:smallScreens
		ADDED from AndroidManifest.xml:17:9
	android:normalScreens
		ADDED from AndroidManifest.xml:15:9
	android:xlargeScreens
		ADDED from AndroidManifest.xml:18:9
	android:resizeable
		ADDED from AndroidManifest.xml:16:9
	android:anyDensity
		ADDED from AndroidManifest.xml:13:9
uses-permission#android.permission.INTERNET
ADDED from AndroidManifest.xml:20:5
	android:name
		ADDED from AndroidManifest.xml:20:22
uses-permission#android.permission.ACCESS_NETWORK_STATE
ADDED from AndroidManifest.xml:21:5
	android:name
		ADDED from AndroidManifest.xml:21:22
uses-permission#android.permission.ACCESS_WIFI_STATE
ADDED from AndroidManifest.xml:22:5
	android:name
		ADDED from AndroidManifest.xml:22:22
android:uses-permission#android.permission.WRITE_EXTERNAL_STORAGE
ADDED from AndroidManifest.xml:24:5
	android:maxSdkVersion
		ADDED from AndroidManifest.xml:26:9
	android:name
		ADDED from AndroidManifest.xml:25:9
android:uses-permission#android.permission.READ_PHONE_STATE
ADDED from AndroidManifest.xml:27:5
	android:name
		ADDED from AndroidManifest.xml:27:30
android:uses-permission#android.permission.READ_EXTERNAL_STORAGE
ADDED from AndroidManifest.xml:28:5
	android:maxSdkVersion
		ADDED from AndroidManifest.xml:30:9
	android:name
		ADDED from AndroidManifest.xml:29:9
application
ADDED from AndroidManifest.xml:32:5
	android:label
		ADDED from AndroidManifest.xml:35:9
	android:supportsRtl
		ADDED from AndroidManifest.xml:36:9
	android:hardwareAccelerated
		ADDED from AndroidManifest.xml:33:9
	android:icon
		ADDED from AndroidManifest.xml:34:9
activity#com.ionicframework.mahjong876064.MainActivity
ADDED from AndroidManifest.xml:37:9
	android:label
		ADDED from AndroidManifest.xml:40:13
	android:launchMode
		ADDED from AndroidManifest.xml:41:13
	android:windowSoftInputMode
		ADDED from AndroidManifest.xml:43:13
	android:configChanges
		ADDED from AndroidManifest.xml:39:13
	android:theme
		ADDED from AndroidManifest.xml:42:13
	android:name
		ADDED from AndroidManifest.xml:38:13
intent-filter#android.intent.action.MAIN+android.intent.category.LAUNCHER
ADDED from AndroidManifest.xml:44:13
	android:label
		ADDED from AndroidManifest.xml:44:28
action#android.intent.action.MAIN
ADDED from AndroidManifest.xml:45:17
	android:name
		ADDED from AndroidManifest.xml:45:25
category#android.intent.category.LAUNCHER
ADDED from AndroidManifest.xml:47:17
	android:name
		ADDED from AndroidManifest.xml:47:27
activity#com.ionicframework.mahjong876064.TestActivity
ADDED from AndroidManifest.xml:50:9
	android:screenOrientation
		ADDED from AndroidManifest.xml:54:13
	android:label
		ADDED from AndroidManifest.xml:53:13
	android:theme
		ADDED from AndroidManifest.xml:52:13
	android:name
		ADDED from AndroidManifest.xml:51:13